{"/Users/davidrobert/Documents/dev/express-ecommerce/src/module/order/Order.ts": {"path":"/Users/davidrobert/Documents/dev/express-ecommerce/src/module/order/Order.ts","statementMap":{"0":{"start":{"line":15,"column":47},"end":{"line":15,"column":66}},"1":{"start":{"line":25,"column":8},"end":{"line":29,"column":11}},"2":{"start":{"line":30,"column":8},"end":{"line":30,"column":55}},"3":{"start":{"line":34,"column":8},"end":{"line":34,"column":74}},"4":{"start":{"line":34,"column":44},"end":{"line":34,"column":72}},"5":{"start":{"line":38,"column":8},"end":{"line":40,"column":14}},"6":{"start":{"line":39,"column":12},"end":{"line":39,"column":60}}},"fnMap":{"0":{"name":"(anonymous_0)","decl":{"start":{"line":15,"column":41},"end":{"line":15,"column":42}},"loc":{"start":{"line":15,"column":47},"end":{"line":15,"column":66}},"line":15},"1":{"name":"(anonymous_1)","decl":{"start":{"line":24,"column":4},"end":{"line":24,"column":5}},"loc":{"start":{"line":24,"column":108},"end":{"line":31,"column":5}},"line":24},"2":{"name":"(anonymous_2)","decl":{"start":{"line":33,"column":4},"end":{"line":33,"column":5}},"loc":{"start":{"line":33,"column":70},"end":{"line":35,"column":5}},"line":33},"3":{"name":"(anonymous_3)","decl":{"start":{"line":34,"column":36},"end":{"line":34,"column":37}},"loc":{"start":{"line":34,"column":44},"end":{"line":34,"column":72}},"line":34},"4":{"name":"(anonymous_4)","decl":{"start":{"line":37,"column":4},"end":{"line":37,"column":5}},"loc":{"start":{"line":37,"column":43},"end":{"line":41,"column":5}},"line":37},"5":{"name":"(anonymous_5)","decl":{"start":{"line":38,"column":38},"end":{"line":38,"column":39}},"loc":{"start":{"line":38,"column":55},"end":{"line":40,"column":9}},"line":38}},"branchMap":{},"s":{"0":0,"1":1,"2":1,"3":1,"4":1,"5":1,"6":1},"f":{"0":0,"1":1,"2":1,"3":1,"4":1,"5":1},"b":{},"_coverageSchema":"1a1c01bbd47fc00a2c39e90264f33305004495a9","hash":"6efe064dcf4da74a41d2e4fe5e5e6bb6bf53695c"}
,"/Users/davidrobert/Documents/dev/express-ecommerce/src/module/order/addProductToOrder/addProductToOrderUseCase.ts": {"path":"/Users/davidrobert/Documents/dev/express-ecommerce/src/module/order/addProductToOrder/addProductToOrderUseCase.ts","statementMap":{"0":{"start":{"line":10,"column":22},"end":{"line":10,"column":65}},"1":{"start":{"line":12,"column":8},"end":{"line":12,"column":47}}},"fnMap":{"0":{"name":"(anonymous_0)","decl":{"start":{"line":6,"column":4},"end":{"line":6,"column":5}},"loc":{"start":{"line":6,"column":70},"end":{"line":6,"column":72}},"line":6},"1":{"name":"(anonymous_1)","decl":{"start":{"line":8,"column":4},"end":{"line":8,"column":5}},"loc":{"start":{"line":8,"column":125},"end":{"line":13,"column":5}},"line":8}},"branchMap":{},"s":{"0":1,"1":1},"f":{"0":1,"1":1},"b":{},"_coverageSchema":"1a1c01bbd47fc00a2c39e90264f33305004495a9","hash":"83ab9b05a91b254d6da35163865cd9222c3fba4b"}
,"/Users/davidrobert/Documents/dev/express-ecommerce/src/module/product/Product.ts": {"path":"/Users/davidrobert/Documents/dev/express-ecommerce/src/module/product/Product.ts","statementMap":{"0":{"start":{"line":20,"column":8},"end":{"line":20,"column":34}},"1":{"start":{"line":21,"column":8},"end":{"line":21,"column":34}},"2":{"start":{"line":22,"column":8},"end":{"line":22,"column":27}},"3":{"start":{"line":23,"column":8},"end":{"line":23,"column":39}},"4":{"start":{"line":24,"column":8},"end":{"line":24,"column":27}},"5":{"start":{"line":30,"column":8},"end":{"line":30,"column":34}},"6":{"start":{"line":31,"column":8},"end":{"line":31,"column":34}},"7":{"start":{"line":33,"column":8},"end":{"line":33,"column":27}},"8":{"start":{"line":34,"column":8},"end":{"line":34,"column":39}},"9":{"start":{"line":35,"column":8},"end":{"line":35,"column":27}},"10":{"start":{"line":39,"column":8},"end":{"line":41,"column":9}},"11":{"start":{"line":40,"column":12},"end":{"line":40,"column":48}},"12":{"start":{"line":45,"column":8},"end":{"line":47,"column":9}},"13":{"start":{"line":46,"column":12},"end":{"line":46,"column":63}},"14":{"start":{"line":49,"column":8},"end":{"line":51,"column":9}},"15":{"start":{"line":50,"column":12},"end":{"line":50,"column":67}}},"fnMap":{"0":{"name":"(anonymous_0)","decl":{"start":{"line":19,"column":4},"end":{"line":19,"column":5}},"loc":{"start":{"line":19,"column":98},"end":{"line":25,"column":5}},"line":19},"1":{"name":"(anonymous_1)","decl":{"start":{"line":28,"column":4},"end":{"line":28,"column":5}},"loc":{"start":{"line":28,"column":62},"end":{"line":36,"column":5}},"line":28},"2":{"name":"(anonymous_2)","decl":{"start":{"line":38,"column":4},"end":{"line":38,"column":5}},"loc":{"start":{"line":38,"column":41},"end":{"line":42,"column":5}},"line":38},"3":{"name":"(anonymous_3)","decl":{"start":{"line":44,"column":4},"end":{"line":44,"column":5}},"loc":{"start":{"line":44,"column":41},"end":{"line":54,"column":5}},"line":44}},"branchMap":{"0":{"loc":{"start":{"line":39,"column":8},"end":{"line":41,"column":9}},"type":"if","locations":[{"start":{"line":39,"column":8},"end":{"line":41,"column":9}},{"start":{},"end":{}}],"line":39},"1":{"loc":{"start":{"line":45,"column":8},"end":{"line":47,"column":9}},"type":"if","locations":[{"start":{"line":45,"column":8},"end":{"line":47,"column":9}},{"start":{},"end":{}}],"line":45},"2":{"loc":{"start":{"line":49,"column":8},"end":{"line":51,"column":9}},"type":"if","locations":[{"start":{"line":49,"column":8},"end":{"line":51,"column":9}},{"start":{},"end":{}}],"line":49}},"s":{"0":8,"1":6,"2":5,"3":5,"4":5,"5":3,"6":2,"7":1,"8":1,"9":1,"10":8,"11":2,"12":11,"13":2,"14":9,"15":1},"f":{"0":8,"1":3,"2":8,"3":11},"b":{"0":[2,6],"1":[2,9],"2":[1,8]},"_coverageSchema":"1a1c01bbd47fc00a2c39e90264f33305004495a9","hash":"1b045af7ba9e70b51c0e8aa86940aa077d627b1b"}
,"/Users/davidrobert/Documents/dev/express-ecommerce/src/module/product/createProduct/createProductUseCase.ts": {"path":"/Users/davidrobert/Documents/dev/express-ecommerce/src/module/product/createProduct/createProductUseCase.ts","statementMap":{"0":{"start":{"line":9,"column":8},"end":{"line":9,"column":51}},"1":{"start":{"line":14,"column":24},"end":{"line":14,"column":64}},"2":{"start":{"line":16,"column":8},"end":{"line":20,"column":9}},"3":{"start":{"line":17,"column":12},"end":{"line":17,"column":55}},"4":{"start":{"line":19,"column":12},"end":{"line":19,"column":69}}},"fnMap":{"0":{"name":"(anonymous_0)","decl":{"start":{"line":8,"column":4},"end":{"line":8,"column":5}},"loc":{"start":{"line":8,"column":60},"end":{"line":10,"column":5}},"line":8},"1":{"name":"(anonymous_1)","decl":{"start":{"line":12,"column":4},"end":{"line":12,"column":5}},"loc":{"start":{"line":12,"column":115},"end":{"line":22,"column":5}},"line":12}},"branchMap":{},"s":{"0":5,"1":5,"2":2,"3":2,"4":1},"f":{"0":5,"1":5},"b":{},"_coverageSchema":"1a1c01bbd47fc00a2c39e90264f33305004495a9","hash":"541b4fe59f0f7eb8e9d123fd5e11a54522ffc0a3"}
,"/Users/davidrobert/Documents/dev/express-ecommerce/src/module/product/updateProduct/updateProductUseCase.ts": {"path":"/Users/davidrobert/Documents/dev/express-ecommerce/src/module/product/updateProduct/updateProductUseCase.ts","statementMap":{"0":{"start":{"line":15,"column":8},"end":{"line":15,"column":51}},"1":{"start":{"line":21,"column":59},"end":{"line":21,"column":66}},"2":{"start":{"line":23,"column":24},"end":{"line":23,"column":75}},"3":{"start":{"line":25,"column":8},"end":{"line":27,"column":9}},"4":{"start":{"line":26,"column":12},"end":{"line":26,"column":49}},"5":{"start":{"line":30,"column":8},"end":{"line":30,"column":50}},"6":{"start":{"line":33,"column":8},"end":{"line":37,"column":9}},"7":{"start":{"line":34,"column":12},"end":{"line":34,"column":62}},"8":{"start":{"line":36,"column":12},"end":{"line":36,"column":54}}},"fnMap":{"0":{"name":"(anonymous_0)","decl":{"start":{"line":14,"column":4},"end":{"line":14,"column":5}},"loc":{"start":{"line":14,"column":60},"end":{"line":16,"column":5}},"line":14},"1":{"name":"(anonymous_1)","decl":{"start":{"line":19,"column":4},"end":{"line":19,"column":5}},"loc":{"start":{"line":19,"column":64},"end":{"line":39,"column":5}},"line":19}},"branchMap":{"0":{"loc":{"start":{"line":25,"column":8},"end":{"line":27,"column":9}},"type":"if","locations":[{"start":{"line":25,"column":8},"end":{"line":27,"column":9}},{"start":{},"end":{}}],"line":25}},"s":{"0":3,"1":3,"2":3,"3":3,"4":0,"5":3,"6":1,"7":1,"8":0},"f":{"0":3,"1":3},"b":{"0":[0,3]},"_coverageSchema":"1a1c01bbd47fc00a2c39e90264f33305004495a9","hash":"21775745df8a91f75c0e01fd20875fb009d89ba1"}
}
