TN:
SF:src/module/order/Order.ts
FN:15,(anonymous_0)
FN:24,(anonymous_1)
FN:33,(anonymous_2)
FN:34,(anonymous_3)
FN:37,(anonymous_4)
FN:38,(anonymous_5)
FNF:6
FNH:5
FNDA:0,(anonymous_0)
FNDA:1,(anonymous_1)
FNDA:1,(anonymous_2)
FNDA:1,(anonymous_3)
FNDA:1,(anonymous_4)
FNDA:1,(anonymous_5)
DA:15,0
DA:25,1
DA:30,1
DA:34,1
DA:38,1
DA:39,1
LF:6
LH:5
BRF:0
BRH:0
end_of_record
TN:
SF:src/module/order/addProductToOrder/addProductToOrderUseCase.ts
FN:6,(anonymous_0)
FN:8,(anonymous_1)
FNF:2
FNH:2
FNDA:1,(anonymous_0)
FNDA:1,(anonymous_1)
DA:10,1
DA:12,1
LF:2
LH:2
BRF:0
BRH:0
end_of_record
TN:
SF:src/module/product/Product.ts
FN:19,(anonymous_0)
FN:28,(anonymous_1)
FN:38,(anonymous_2)
FN:44,(anonymous_3)
FNF:4
FNH:4
FNDA:8,(anonymous_0)
FNDA:3,(anonymous_1)
FNDA:8,(anonymous_2)
FNDA:11,(anonymous_3)
DA:20,8
DA:21,6
DA:22,5
DA:23,5
DA:24,5
DA:30,3
DA:31,2
DA:33,1
DA:34,1
DA:35,1
DA:39,8
DA:40,2
DA:45,11
DA:46,2
DA:49,9
DA:50,1
LF:16
LH:16
BRDA:39,0,0,2
BRDA:39,0,1,6
BRDA:45,1,0,2
BRDA:45,1,1,9
BRDA:49,2,0,1
BRDA:49,2,1,8
BRF:6
BRH:6
end_of_record
TN:
SF:src/module/product/createProduct/createProductUseCase.ts
FN:8,(anonymous_0)
FN:12,(anonymous_1)
FNF:2
FNH:2
FNDA:5,(anonymous_0)
FNDA:5,(anonymous_1)
DA:9,5
DA:14,5
DA:16,2
DA:17,2
DA:19,1
LF:5
LH:5
BRF:0
BRH:0
end_of_record
TN:
SF:src/module/product/updateProduct/updateProductUseCase.ts
FN:14,(anonymous_0)
FN:19,(anonymous_1)
FNF:2
FNH:2
FNDA:3,(anonymous_0)
FNDA:3,(anonymous_1)
DA:15,3
DA:21,3
DA:23,3
DA:25,3
DA:26,0
DA:30,3
DA:33,1
DA:34,1
DA:36,0
LF:9
LH:7
BRDA:25,0,0,0
BRDA:25,0,1,3
BRF:2
BRH:1
end_of_record
